This file contains any messages produced by compilers while
running configure, to aid debugging if configure makes a mistake.

It was created by adhoc configure 0.1 , which was
generated by GNU Autoconf 2.53.  Invocation command line was

  $ ./configure 

## --------- ##
## Platform. ##
## --------- ##

hostname = ude
uname -m = i686
uname -r = 2.4.20-ude.06
uname -s = Linux
uname -v = #2 Mon Jun 2 21:43:56 CEST 2003

/usr/bin/uname -p = unknown
/bin/uname -X     = unknown

/bin/arch              = i686
/usr/bin/arch -k       = unknown
/usr/convex/getsysinfo = unknown
hostinfo               = unknown
/bin/machine           = unknown
/usr/bin/oslevel       = unknown
/bin/universe          = unknown

PATH: /usr/local/bin
PATH: /usr/bin
PATH: /bin
PATH: /usr/X11R6/bin
PATH: /home/ude/bin
PATH: /usr/java/j2sdk1.4.1_01/bin


## ----------- ##
## Core tests. ##
## ----------- ##

configure:1244: checking for a BSD-compatible install
configure:1298: result: /usr/bin/install -c
configure:1309: checking whether build environment is sane
configure:1352: result: yes
configure:1385: checking for gawk
configure:1401: found /usr/bin/gawk
configure:1411: result: gawk
configure:1421: checking whether make sets ${MAKE}
configure:1441: result: yes
configure:1643: checking for gcc
configure:1659: found /usr/bin/gcc
configure:1669: result: gcc
configure:1913: checking for C compiler version
configure:1916: gcc --version </dev/null >&5
2.95.3
configure:1919: $? = 0
configure:1921: gcc -v </dev/null >&5
Reading specs from /usr/lib/gcc-lib/i386-redhat-linux/2.95.3/specs
gcc version 2.95.3 20000503/Linux (prerelease)
configure:1924: $? = 0
configure:1926: gcc -V </dev/null >&5
gcc: argument to `-V' is missing
configure:1929: $? = 1
configure:1955: checking for C compiler default output
configure:1958: gcc    conftest.c  >&5
configure:1961: $? = 0
configure:1994: result: a.out
configure:1999: checking whether the C compiler works
configure:2005: ./a.out
configure:2008: $? = 0
configure:2023: result: yes
configure:2030: checking whether we are cross compiling
configure:2032: result: no
configure:2035: checking for suffix of executables
configure:2037: gcc -o conftest    conftest.c  >&5
configure:2040: $? = 0
configure:2062: result: 
configure:2068: checking for suffix of object files
configure:2092: gcc -c   conftest.c >&5
configure:2095: $? = 0
configure:2114: result: o
configure:2118: checking whether we are using the GNU C compiler
configure:2145: gcc -c   conftest.c >&5
configure:2148: $? = 0
configure:2151: test -s conftest.o
configure:2154: $? = 0
configure:2166: result: yes
configure:2172: checking whether gcc accepts -g
configure:2196: gcc -c -g  conftest.c >&5
configure:2199: $? = 0
configure:2202: test -s conftest.o
configure:2205: $? = 0
configure:2215: result: yes
configure:2242: gcc -c -g -O2  conftest.c >&5
conftest.c:2: parse error before `me'
configure:2245: $? = 1
configure: failed program was:
#ifndef __cplusplus
  choke me
#endif
configure:2374: checking for style of include used by make
configure:2402: result: GNU
configure:2430: checking dependency style of gcc
configure:2492: result: gcc
configure:2538: checking for ranlib
configure:2554: found /usr/bin/ranlib
configure:2565: result: ranlib
configure:2587: checking how to run the C preprocessor
configure:2613: gcc -E  conftest.c
configure:2619: $? = 0
configure:2646: gcc -E  conftest.c
configure:2642: ac_nonexistent.h: No such file or directory
configure:2652: $? = 1
configure: failed program was:
#line 2641 "configure"
#include "confdefs.h"
#include <ac_nonexistent.h>
configure:2689: result: gcc -E
configure:2704: gcc -E  conftest.c
configure:2710: $? = 0
configure:2737: gcc -E  conftest.c
configure:2733: ac_nonexistent.h: No such file or directory
configure:2743: $? = 1
configure: failed program was:
#line 2732 "configure"
#include "confdefs.h"
#include <ac_nonexistent.h>
configure:2783: checking for ANSI C header files
configure:2797: gcc -E  conftest.c
configure:2803: $? = 0
configure:2888: gcc -o conftest -g -O2   conftest.c  >&5
configure:2891: $? = 0
configure:2893: ./conftest
configure:2896: $? = 0
configure:2910: result: yes
configure:2920: checking for sys/wait.h that is POSIX.1 compatible
configure:2954: gcc -c -g -O2  conftest.c >&5
configure:2957: $? = 0
configure:2960: test -s conftest.o
configure:2963: $? = 0
configure:2973: result: yes
configure:2997: checking for sys/types.h
configure:3010: gcc -c -g -O2  conftest.c >&5
configure:3013: $? = 0
configure:3016: test -s conftest.o
configure:3019: $? = 0
configure:3029: result: yes
configure:2997: checking for sys/stat.h
configure:3010: gcc -c -g -O2  conftest.c >&5
configure:3013: $? = 0
configure:3016: test -s conftest.o
configure:3019: $? = 0
configure:3029: result: yes
configure:2997: checking for stdlib.h
configure:3010: gcc -c -g -O2  conftest.c >&5
configure:3013: $? = 0
configure:3016: test -s conftest.o
configure:3019: $? = 0
configure:3029: result: yes
configure:2997: checking for string.h
configure:3010: gcc -c -g -O2  conftest.c >&5
configure:3013: $? = 0
configure:3016: test -s conftest.o
configure:3019: $? = 0
configure:3029: result: yes
configure:2997: checking for memory.h
configure:3010: gcc -c -g -O2  conftest.c >&5
configure:3013: $? = 0
configure:3016: test -s conftest.o
configure:3019: $? = 0
configure:3029: result: yes
configure:2997: checking for strings.h
configure:3010: gcc -c -g -O2  conftest.c >&5
configure:3013: $? = 0
configure:3016: test -s conftest.o
configure:3019: $? = 0
configure:3029: result: yes
configure:2997: checking for inttypes.h
configure:3010: gcc -c -g -O2  conftest.c >&5
configure:3013: $? = 0
configure:3016: test -s conftest.o
configure:3019: $? = 0
configure:3029: result: yes
configure:2997: checking for stdint.h
configure:3010: gcc -c -g -O2  conftest.c >&5
configure:3013: $? = 0
configure:3016: test -s conftest.o
configure:3019: $? = 0
configure:3029: result: yes
configure:2997: checking for unistd.h
configure:3010: gcc -c -g -O2  conftest.c >&5
configure:3013: $? = 0
configure:3016: test -s conftest.o
configure:3019: $? = 0
configure:3029: result: yes
configure:3063: checking errno.h usability
configure:3072: gcc -c -g -O2  conftest.c >&5
configure:3075: $? = 0
configure:3078: test -s conftest.o
configure:3081: $? = 0
configure:3090: result: yes
configure:3094: checking errno.h presence
configure:3101: gcc -E  conftest.c
configure:3107: $? = 0
configure:3125: result: yes
configure:3143: checking for errno.h
configure:3150: result: yes
configure:3063: checking fcntl.h usability
configure:3072: gcc -c -g -O2  conftest.c >&5
configure:3075: $? = 0
configure:3078: test -s conftest.o
configure:3081: $? = 0
configure:3090: result: yes
configure:3094: checking fcntl.h presence
configure:3101: gcc -E  conftest.c
configure:3107: $? = 0
configure:3125: result: yes
configure:3143: checking for fcntl.h
configure:3150: result: yes
configure:3054: checking for stdlib.h
configure:3059: result: yes
configure:3054: checking for string.h
configure:3059: result: yes
configure:3063: checking sys/ioctl.h usability
configure:3072: gcc -c -g -O2  conftest.c >&5
configure:3075: $? = 0
configure:3078: test -s conftest.o
configure:3081: $? = 0
configure:3090: result: yes
configure:3094: checking sys/ioctl.h presence
configure:3101: gcc -E  conftest.c
configure:3107: $? = 0
configure:3125: result: yes
configure:3143: checking for sys/ioctl.h
configure:3150: result: yes
configure:3063: checking sys/socket.h usability
configure:3072: gcc -c -g -O2  conftest.c >&5
configure:3075: $? = 0
configure:3078: test -s conftest.o
configure:3081: $? = 0
configure:3090: result: yes
configure:3094: checking sys/socket.h presence
configure:3101: gcc -E  conftest.c
configure:3107: $? = 0
configure:3125: result: yes
configure:3143: checking for sys/socket.h
configure:3150: result: yes
configure:3063: checking sys/time.h usability
configure:3072: gcc -c -g -O2  conftest.c >&5
configure:3075: $? = 0
configure:3078: test -s conftest.o
configure:3081: $? = 0
configure:3090: result: yes
configure:3094: checking sys/time.h presence
configure:3101: gcc -E  conftest.c
configure:3107: $? = 0
configure:3125: result: yes
configure:3143: checking for sys/time.h
configure:3150: result: yes
configure:3054: checking for unistd.h
configure:3059: result: yes
configure:3063: checking langinfo.h usability
configure:3072: gcc -c -g -O2  conftest.c >&5
configure:3075: $? = 0
configure:3078: test -s conftest.o
configure:3081: $? = 0
configure:3090: result: yes
configure:3094: checking langinfo.h presence
configure:3101: gcc -E  conftest.c
configure:3107: $? = 0
configure:3125: result: yes
configure:3143: checking for langinfo.h
configure:3150: result: yes
configure:3165: checking for gcc option to accept ANSI C
configure:3228: gcc  -c -g -O2  conftest.c >&5
configure:3231: $? = 0
configure:3234: test -s conftest.o
configure:3237: $? = 0
configure:3254: result: none needed
configure:3262: checking for an ANSI C-conforming const
configure:3332: gcc -c -g -O2  conftest.c >&5
configure:3335: $? = 0
configure:3338: test -s conftest.o
configure:3341: $? = 0
configure:3351: result: yes
configure:3361: checking for inline
configure:3378: gcc -c -g -O2  conftest.c >&5
configure:3381: $? = 0
configure:3384: test -s conftest.o
configure:3387: $? = 0
configure:3398: result: inline
configure:3413: checking for pid_t
configure:3440: gcc -c -g -O2  conftest.c >&5
configure:3443: $? = 0
configure:3446: test -s conftest.o
configure:3449: $? = 0
configure:3459: result: yes
configure:3471: checking for size_t
configure:3498: gcc -c -g -O2  conftest.c >&5
configure:3501: $? = 0
configure:3504: test -s conftest.o
configure:3507: $? = 0
configure:3517: result: yes
configure:3529: checking whether time.h and sys/time.h may both be included
configure:3557: gcc -c -g -O2  conftest.c >&5
configure:3560: $? = 0
configure:3563: test -s conftest.o
configure:3566: $? = 0
configure:3576: result: yes
configure:3586: checking whether struct tm is in sys/time.h or time.h
configure:3612: gcc -c -g -O2  conftest.c >&5
configure:3615: $? = 0
configure:3618: test -s conftest.o
configure:3621: $? = 0
configure:3631: result: time.h
configure:3641: checking for uid_t in sys/types.h
configure:3661: result: yes
configure:3677: checking for byte typedef
configure:3706: gcc -c -g -O2  conftest.c >&5
configure: In function `main':
configure:3697: `byte' undeclared (first use in this function)
configure:3697: (Each undeclared identifier is reported only once
configure:3697: for each function it appears in.)
configure:3709: $? = 1
configure: failed program was:
#line 3682 "configure"
#include "confdefs.h"
#define _GNU_SOURCE 1
    #include <stdlib.h>
    #include <sys/types.h>
#ifdef F77_DUMMY_MAIN
#  ifdef __cplusplus
     extern "C"
#  endif
   int F77_DUMMY_MAIN() { return 1; }
#endif
int
main ()
{

    #undef byte
    int a = sizeof(byte);

  ;
  return 0;
}
configure:3726: result: no
configure:3736: checking for ushort typedef
configure:3765: gcc -c -g -O2  conftest.c >&5
configure:3768: $? = 0
configure:3771: test -s conftest.o
configure:3774: $? = 0
configure:3785: result: yes
configure:3795: checking for ulong typedef
configure:3824: gcc -c -g -O2  conftest.c >&5
configure:3827: $? = 0
configure:3830: test -s conftest.o
configure:3833: $? = 0
configure:3844: result: yes
configure:3854: checking for u16 typedef
configure:3883: gcc -c -g -O2  conftest.c >&5
configure: In function `main':
configure:3874: `u16' undeclared (first use in this function)
configure:3874: (Each undeclared identifier is reported only once
configure:3874: for each function it appears in.)
configure:3886: $? = 1
configure: failed program was:
#line 3859 "configure"
#include "confdefs.h"
#define _GNU_SOURCE 1
    #include <stdlib.h>
    #include <sys/types.h>
#ifdef F77_DUMMY_MAIN
#  ifdef __cplusplus
     extern "C"
#  endif
   int F77_DUMMY_MAIN() { return 1; }
#endif
int
main ()
{

    #undef u16
    int a = sizeof(u16);

  ;
  return 0;
}
configure:3903: result: no
configure:3913: checking for u32 typedef
configure:3942: gcc -c -g -O2  conftest.c >&5
configure: In function `main':
configure:3933: `u32' undeclared (first use in this function)
configure:3933: (Each undeclared identifier is reported only once
configure:3933: for each function it appears in.)
configure:3945: $? = 1
configure: failed program was:
#line 3918 "configure"
#include "confdefs.h"
#define _GNU_SOURCE 1
    #include <stdlib.h>
    #include <sys/types.h>
#ifdef F77_DUMMY_MAIN
#  ifdef __cplusplus
     extern "C"
#  endif
   int F77_DUMMY_MAIN() { return 1; }
#endif
int
main ()
{

    #undef u32
    int a = sizeof(u32);

  ;
  return 0;
}
configure:3962: result: no
configure:3974: checking for unsigned short
configure:4001: gcc -c -g -O2  conftest.c >&5
configure:4004: $? = 0
configure:4007: test -s conftest.o
configure:4010: $? = 0
configure:4020: result: yes
configure:4023: checking size of unsigned short
configure:4301: gcc -o conftest -g -O2   conftest.c  >&5
configure:4304: $? = 0
configure:4306: ./conftest
configure:4309: $? = 0
configure:4329: result: 2
configure:4336: checking for unsigned int
configure:4363: gcc -c -g -O2  conftest.c >&5
configure:4366: $? = 0
configure:4369: test -s conftest.o
configure:4372: $? = 0
configure:4382: result: yes
configure:4385: checking size of unsigned int
configure:4663: gcc -o conftest -g -O2   conftest.c  >&5
configure:4666: $? = 0
configure:4668: ./conftest
configure:4671: $? = 0
configure:4691: result: 4
configure:4698: checking for unsigned long
configure:4725: gcc -c -g -O2  conftest.c >&5
configure:4728: $? = 0
configure:4731: test -s conftest.o
configure:4734: $? = 0
configure:4744: result: yes
configure:4747: checking size of unsigned long
configure:5025: gcc -o conftest -g -O2   conftest.c  >&5
configure:5028: $? = 0
configure:5030: ./conftest
configure:5033: $? = 0
configure:5053: result: 4
configure:5060: checking for unsigned long long
configure:5087: gcc -c -g -O2  conftest.c >&5
configure:5090: $? = 0
configure:5093: test -s conftest.o
configure:5096: $? = 0
configure:5106: result: yes
configure:5109: checking size of unsigned long long
configure:5387: gcc -o conftest -g -O2   conftest.c  >&5
configure:5390: $? = 0
configure:5392: ./conftest
configure:5395: $? = 0
configure:5415: result: 8
configure:5555: checking for unistd.h
configure:5560: result: yes
configure:5564: checking vfork.h usability
configure:5573: gcc -c -g -O2  conftest.c >&5
configure:5601: vfork.h: No such file or directory
configure:5576: $? = 1
configure: failed program was:
#line 5566 "configure"
#include "confdefs.h"
#include <stdio.h>
#if HAVE_SYS_TYPES_H
# include <sys/types.h>
#endif
#if HAVE_SYS_STAT_H
# include <sys/stat.h>
#endif
#if STDC_HEADERS
# include <stdlib.h>
# include <stddef.h>
#else
# if HAVE_STDLIB_H
#  include <stdlib.h>
# endif
#endif
#if HAVE_STRING_H
# if !STDC_HEADERS && HAVE_MEMORY_H
#  include <memory.h>
# endif
# include <string.h>
#endif
#if HAVE_STRINGS_H
# include <strings.h>
#endif
#if HAVE_INTTYPES_H
# include <inttypes.h>
#else
# if HAVE_STDINT_H
#  include <stdint.h>
# endif
#endif
#if HAVE_UNISTD_H
# include <unistd.h>
#endif
#include <vfork.h>
configure:5591: result: no
configure:5595: checking vfork.h presence
configure:5602: gcc -E  conftest.c
configure:5598: vfork.h: No such file or directory
configure:5608: $? = 1
configure: failed program was:
#line 5597 "configure"
#include "confdefs.h"
#include <vfork.h>
configure:5626: result: no
configure:5644: checking for vfork.h
configure:5651: result: no
configure:5669: checking for fork
configure:5712: gcc -o conftest -g -O2   conftest.c  >&5
configure:5715: $? = 0
configure:5718: test -s conftest
configure:5721: $? = 0
configure:5731: result: yes
configure:5669: checking for vfork
configure:5712: gcc -o conftest -g -O2   conftest.c  >&5
configure:5715: $? = 0
configure:5718: test -s conftest
configure:5721: $? = 0
configure:5731: result: yes
configure:5743: checking for working fork
configure:5787: result: yes
configure:5806: checking for working vfork
configure:5933: result: yes
configure:5965: checking whether gcc needs -traditional
configure:6001: result: no
configure:6013: checking for stdlib.h
configure:6018: result: yes
configure:6122: checking for working malloc
configure:6154: gcc -o conftest -g -O2   conftest.c  >&5
configure:6157: $? = 0
configure:6159: ./conftest
configure:6162: $? = 0
configure:6175: result: yes
configure:6185: checking for working memcmp
configure:6236: gcc -o conftest -g -O2   conftest.c  >&5
configure:6239: $? = 0
configure:6241: ./conftest
configure:6244: $? = 0
configure:6257: result: yes
configure:6261: checking return type of signal handlers
configure:6295: gcc -c -g -O2  conftest.c >&5
configure:6298: $? = 0
configure:6301: test -s conftest.o
configure:6304: $? = 0
configure:6314: result: void
configure:6322: checking for wait3 that fills in rusage
configure:6370: gcc -o conftest -g -O2   conftest.c  >&5
configure:6373: $? = 0
configure:6375: ./conftest
configure:6378: $? = 0
configure:6391: result: yes
configure:6412: checking for clock_gettime
configure:6455: gcc -o conftest -g -O2   conftest.c  >&5
/tmp/cc2ThdPf.o: In function `main':
/home/ude/project/server/configure:6445: undefined reference to `clock_gettime'
collect2: ld returned 1 exit status
configure:6458: $? = 1
configure: failed program was:
#line 6417 "configure"
#include "confdefs.h"
/* System header to define __stub macros and hopefully few prototypes,
    which can conflict with char clock_gettime (); below.  */
#include <assert.h>
/* Override any gcc2 internal prototype to avoid an error.  */
#ifdef __cplusplus
extern "C"
#endif
/* We use char because int might match the return type of a gcc2
   builtin and then its argument prototype would still apply.  */
char clock_gettime ();
char (*f) ();

#ifdef F77_DUMMY_MAIN
#  ifdef __cplusplus
     extern "C"
#  endif
   int F77_DUMMY_MAIN() { return 1; }
#endif
int
main ()
{
/* The GNU C library defines this for functions which it implements
    to always fail with ENOSYS.  Some functions are actually named
    something starting with __ and the normal name is an alias.  */
#if defined (__stub_clock_gettime) || defined (__stub___clock_gettime)
choke me
#else
f = clock_gettime;
#endif

  ;
  return 0;
}
configure:6474: result: no
configure:6412: checking for dup2
configure:6455: gcc -o conftest -g -O2   conftest.c  >&5
configure:6458: $? = 0
configure:6461: test -s conftest
configure:6464: $? = 0
configure:6474: result: yes
configure:6412: checking for gethrtime
configure:6455: gcc -o conftest -g -O2   conftest.c  >&5
/tmp/cc4Q2Uc9.o: In function `main':
/home/ude/project/server/configure:6445: undefined reference to `gethrtime'
collect2: ld returned 1 exit status
configure:6458: $? = 1
configure: failed program was:
#line 6417 "configure"
#include "confdefs.h"
/* System header to define __stub macros and hopefully few prototypes,
    which can conflict with char gethrtime (); below.  */
#include <assert.h>
/* Override any gcc2 internal prototype to avoid an error.  */
#ifdef __cplusplus
extern "C"
#endif
/* We use char because int might match the return type of a gcc2
   builtin and then its argument prototype would still apply.  */
char gethrtime ();
char (*f) ();

#ifdef F77_DUMMY_MAIN
#  ifdef __cplusplus
     extern "C"
#  endif
   int F77_DUMMY_MAIN() { return 1; }
#endif
int
main ()
{
/* The GNU C library defines this for functions which it implements
    to always fail with ENOSYS.  Some functions are actually named
    something starting with __ and the normal name is an alias.  */
#if defined (__stub_gethrtime) || defined (__stub___gethrtime)
choke me
#else
f = gethrtime;
#endif

  ;
  return 0;
}
configure:6474: result: no
configure:6412: checking for gettimeofday
configure:6455: gcc -o conftest -g -O2   conftest.c  >&5
configure:6458: $? = 0
configure:6461: test -s conftest
configure:6464: $? = 0
configure:6474: result: yes
configure:6412: checking for memmove
configure:6455: gcc -o conftest -g -O2   conftest.c  >&5
configure:6458: $? = 0
configure:6461: test -s conftest
configure:6464: $? = 0
configure:6474: result: yes
configure:6412: checking for memset
configure:6455: gcc -o conftest -g -O2   conftest.c  >&5
configure:6427: warning: conflicting types for built-in function `memset'
configure:6458: $? = 0
configure:6461: test -s conftest
configure:6464: $? = 0
configure:6474: result: yes
configure:6412: checking for select
configure:6455: gcc -o conftest -g -O2   conftest.c  >&5
configure:6458: $? = 0
configure:6461: test -s conftest
configure:6464: $? = 0
configure:6474: result: yes
configure:6412: checking for socket
configure:6455: gcc -o conftest -g -O2   conftest.c  >&5
configure:6458: $? = 0
configure:6461: test -s conftest
configure:6464: $? = 0
configure:6474: result: yes
configure:6494: checking for strerror
configure:6537: gcc -o conftest -g -O2   conftest.c  >&5
configure:6540: $? = 0
configure:6543: test -s conftest
configure:6546: $? = 0
configure:6556: result: yes
configure:6494: checking for stpcpy
configure:6537: gcc -o conftest -g -O2   conftest.c  >&5
configure:6540: $? = 0
configure:6543: test -s conftest
configure:6546: $? = 0
configure:6556: result: yes
configure:6494: checking for strsep
configure:6537: gcc -o conftest -g -O2   conftest.c  >&5
configure:6540: $? = 0
configure:6543: test -s conftest
configure:6546: $? = 0
configure:6556: result: yes
configure:6494: checking for strlwr
configure:6537: gcc -o conftest -g -O2   conftest.c  >&5
/tmp/ccW0na8A.o: In function `main':
/home/ude/project/server/configure:6527: undefined reference to `strlwr'
collect2: ld returned 1 exit status
configure:6540: $? = 1
configure: failed program was:
#line 6499 "configure"
#include "confdefs.h"
/* System header to define __stub macros and hopefully few prototypes,
    which can conflict with char strlwr (); below.  */
#include <assert.h>
/* Override any gcc2 internal prototype to avoid an error.  */
#ifdef __cplusplus
extern "C"
#endif
/* We use char because int might match the return type of a gcc2
   builtin and then its argument prototype would still apply.  */
char strlwr ();
char (*f) ();

#ifdef F77_DUMMY_MAIN
#  ifdef __cplusplus
     extern "C"
#  endif
   int F77_DUMMY_MAIN() { return 1; }
#endif
int
main ()
{
/* The GNU C library defines this for functions which it implements
    to always fail with ENOSYS.  Some functions are actually named
    something starting with __ and the normal name is an alias.  */
#if defined (__stub_strlwr) || defined (__stub___strlwr)
choke me
#else
f = strlwr;
#endif

  ;
  return 0;
}
configure:6556: result: no
configure:6494: checking for tcgetattr
configure:6537: gcc -o conftest -g -O2   conftest.c  >&5
configure:6540: $? = 0
configure:6543: test -s conftest
configure:6546: $? = 0
configure:6556: result: yes
configure:6494: checking for strtoul
configure:6537: gcc -o conftest -g -O2   conftest.c  >&5
configure:6540: $? = 0
configure:6543: test -s conftest
configure:6546: $? = 0
configure:6556: result: yes
configure:6494: checking for mmap
configure:6537: gcc -o conftest -g -O2   conftest.c  >&5
configure:6540: $? = 0
configure:6543: test -s conftest
configure:6546: $? = 0
configure:6556: result: yes
configure:6571: checking for strcasecmp
configure:6614: gcc -o conftest -g -O2   conftest.c  >&5
configure:6617: $? = 0
configure:6620: test -s conftest
configure:6623: $? = 0
configure:6633: result: yes
configure:6571: checking for strncasecmp
configure:6614: gcc -o conftest -g -O2   conftest.c  >&5
configure:6617: $? = 0
configure:6620: test -s conftest
configure:6623: $? = 0
configure:6633: result: yes
configure:6651: checking for memmove
configure:6713: result: yes
configure:6651: checking for gettimeofday
configure:6713: result: yes
configure:6651: checking for getrusage
configure:6694: gcc -o conftest -g -O2   conftest.c  >&5
configure:6697: $? = 0
configure:6700: test -s conftest
configure:6703: $? = 0
configure:6713: result: yes
configure:6651: checking for setrlimit
configure:6694: gcc -o conftest -g -O2   conftest.c  >&5
configure:6697: $? = 0
configure:6700: test -s conftest
configure:6703: $? = 0
configure:6713: result: yes
configure:6651: checking for clock_gettime
configure:6713: result: no
configure:6732: checking for atexit
configure:6775: gcc -o conftest -g -O2   conftest.c  >&5
configure:6778: $? = 0
configure:6781: test -s conftest
configure:6784: $? = 0
configure:6794: result: yes
configure:6732: checking for raise
configure:6775: gcc -o conftest -g -O2   conftest.c  >&5
configure:6778: $? = 0
configure:6781: test -s conftest
configure:6784: $? = 0
configure:6794: result: yes
configure:6732: checking for getpagesize
configure:6775: gcc -o conftest -g -O2   conftest.c  >&5
configure:6778: $? = 0
configure:6781: test -s conftest
configure:6784: $? = 0
configure:6794: result: yes
configure:6732: checking for strftime
configure:6775: gcc -o conftest -g -O2   conftest.c  >&5
configure:6778: $? = 0
configure:6781: test -s conftest
configure:6784: $? = 0
configure:6794: result: yes
configure:6732: checking for nl_langinfo
configure:6775: gcc -o conftest -g -O2   conftest.c  >&5
configure:6778: $? = 0
configure:6781: test -s conftest
configure:6784: $? = 0
configure:6794: result: yes
configure:6732: checking for setlocale
configure:6775: gcc -o conftest -g -O2   conftest.c  >&5
configure:6778: $? = 0
configure:6781: test -s conftest
configure:6784: $? = 0
configure:6794: result: yes
configure:6814: checking for waitpid
configure:6857: gcc -o conftest -g -O2   conftest.c  >&5
configure:6860: $? = 0
configure:6863: test -s conftest
configure:6866: $? = 0
configure:6876: result: yes
configure:6814: checking for wait4
configure:6857: gcc -o conftest -g -O2   conftest.c  >&5
configure:6860: $? = 0
configure:6863: test -s conftest
configure:6866: $? = 0
configure:6876: result: yes
configure:6814: checking for sigaction
configure:6857: gcc -o conftest -g -O2   conftest.c  >&5
configure:6860: $? = 0
configure:6863: test -s conftest
configure:6866: $? = 0
configure:6876: result: yes
configure:6814: checking for sigprocmask
configure:6857: gcc -o conftest -g -O2   conftest.c  >&5
configure:6860: $? = 0
configure:6863: test -s conftest
configure:6866: $? = 0
configure:6876: result: yes
configure:6814: checking for rand
configure:6857: gcc -o conftest -g -O2   conftest.c  >&5
configure:6860: $? = 0
configure:6863: test -s conftest
configure:6866: $? = 0
configure:6876: result: yes
configure:6814: checking for pipe
configure:6857: gcc -o conftest -g -O2   conftest.c  >&5
configure:6860: $? = 0
configure:6863: test -s conftest
configure:6866: $? = 0
configure:6876: result: yes
configure:6814: checking for stat
configure:6857: gcc -o conftest -g -O2   conftest.c  >&5
configure:6860: $? = 0
configure:6863: test -s conftest
configure:6866: $? = 0
configure:6876: result: yes
configure:6887: checking for extra cipher modules
configure:6898: result: no
configure:6910: checking for mpi assembler functions
configure:6919: result: done
configure:7091: creating ./config.status

## ---------------------- ##
## Running config.status. ##
## ---------------------- ##

This file was extended by adhoc config.status 0.1 , which was
generated by GNU Autoconf 2.53.  Invocation command line was

  CONFIG_FILES    = 
  CONFIG_HEADERS  = 
  CONFIG_LINKS    = 
  CONFIG_COMMANDS = 
  $ ./config.status 

on ude

config.status:632: creating Makefile
config.status:632: creating src/Makefile
config.status:632: creating src/g10/Makefile
config.status:632: creating src/util/Makefile
config.status:632: creating src/mpi/Makefile
config.status:632: creating src/cipher/Makefile
config.status:632: creating src/zlib/Makefile
config.status:736: creating config.h
config.status:1003: config.h is unchanged
config.status:1061: linking ./src/mpi/generic/mpih-add1.c to src/mpi/mpih-add1.c
config.status:1061: linking ./src/mpi/generic/mpih-mul1.c to src/mpi/mpih-mul1.c
config.status:1061: linking ./src/mpi/generic/mpih-mul2.c to src/mpi/mpih-mul2.c
config.status:1061: linking ./src/mpi/generic/mpih-mul3.c to src/mpi/mpih-mul3.c
config.status:1061: linking ./src/mpi/generic/mpih-lshift.c to src/mpi/mpih-lshift.c
config.status:1061: linking ./src/mpi/generic/mpih-rshift.c to src/mpi/mpih-rshift.c
config.status:1061: linking ./src/mpi/generic/mpih-sub1.c to src/mpi/mpih-sub1.c
config.status:1061: linking ./src/zlib/zlib.h to zlib.h
config.status:1061: linking ./src/zlib/zconf.h to zconf.h
config.status:1201: executing depfiles commands
config.status:1201: executing defs.h commands

## ---------------- ##
## Cache variables. ##
## ---------------- ##

ac_cv_c_compiler_gnu=yes
ac_cv_c_const=yes
ac_cv_c_inline=inline
ac_cv_env_CC_set=
ac_cv_env_CC_value=
ac_cv_env_CFLAGS_set=
ac_cv_env_CFLAGS_value=
ac_cv_env_CPPFLAGS_set=
ac_cv_env_CPPFLAGS_value=
ac_cv_env_CPP_set=
ac_cv_env_CPP_value=
ac_cv_env_LDFLAGS_set=
ac_cv_env_LDFLAGS_value=
ac_cv_env_build_alias_set=
ac_cv_env_build_alias_value=
ac_cv_env_host_alias_set=
ac_cv_env_host_alias_value=
ac_cv_env_target_alias_set=
ac_cv_env_target_alias_value=
ac_cv_exeext=
ac_cv_func_atexit=yes
ac_cv_func_clock_gettime=no
ac_cv_func_dup2=yes
ac_cv_func_fork=yes
ac_cv_func_fork_works=yes
ac_cv_func_gethrtime=no
ac_cv_func_getpagesize=yes
ac_cv_func_getrusage=yes
ac_cv_func_gettimeofday=yes
ac_cv_func_malloc_works=yes
ac_cv_func_memcmp_working=yes
ac_cv_func_memmove=yes
ac_cv_func_memset=yes
ac_cv_func_mmap=yes
ac_cv_func_nl_langinfo=yes
ac_cv_func_pipe=yes
ac_cv_func_raise=yes
ac_cv_func_rand=yes
ac_cv_func_select=yes
ac_cv_func_setlocale=yes
ac_cv_func_setrlimit=yes
ac_cv_func_sigaction=yes
ac_cv_func_sigprocmask=yes
ac_cv_func_socket=yes
ac_cv_func_stat=yes
ac_cv_func_stpcpy=yes
ac_cv_func_strcasecmp=yes
ac_cv_func_strerror=yes
ac_cv_func_strftime=yes
ac_cv_func_strlwr=no
ac_cv_func_strncasecmp=yes
ac_cv_func_strsep=yes
ac_cv_func_strtoul=yes
ac_cv_func_tcgetattr=yes
ac_cv_func_vfork=yes
ac_cv_func_vfork_works=yes
ac_cv_func_wait3_rusage=yes
ac_cv_func_wait4=yes
ac_cv_func_waitpid=yes
ac_cv_header_errno_h=yes
ac_cv_header_fcntl_h=yes
ac_cv_header_inttypes_h=yes
ac_cv_header_langinfo_h=yes
ac_cv_header_memory_h=yes
ac_cv_header_stdc=yes
ac_cv_header_stdint_h=yes
ac_cv_header_stdlib_h=yes
ac_cv_header_string_h=yes
ac_cv_header_strings_h=yes
ac_cv_header_sys_ioctl_h=yes
ac_cv_header_sys_socket_h=yes
ac_cv_header_sys_stat_h=yes
ac_cv_header_sys_time_h=yes
ac_cv_header_sys_types_h=yes
ac_cv_header_sys_wait_h=yes
ac_cv_header_time=yes
ac_cv_header_unistd_h=yes
ac_cv_header_vfork_h=no
ac_cv_mpi_config_done=yes
ac_cv_mpi_extra_asm_modules=
ac_cv_mpi_sflags=
ac_cv_objext=o
ac_cv_path_install='/usr/bin/install -c'
ac_cv_prog_AWK=gawk
ac_cv_prog_CPP='gcc -E'
ac_cv_prog_ac_ct_CC=gcc
ac_cv_prog_ac_ct_RANLIB=ranlib
ac_cv_prog_cc_g=yes
ac_cv_prog_cc_stdc=
ac_cv_prog_gcc_traditional=no
ac_cv_prog_make_make_set=yes
ac_cv_sizeof_unsigned_int=4
ac_cv_sizeof_unsigned_long=4
ac_cv_sizeof_unsigned_long_long=8
ac_cv_sizeof_unsigned_short=2
ac_cv_struct_tm=time.h
ac_cv_type_pid_t=yes
ac_cv_type_signal=void
ac_cv_type_size_t=yes
ac_cv_type_uid_t=yes
ac_cv_type_unsigned_int=yes
ac_cv_type_unsigned_long=yes
ac_cv_type_unsigned_long_long=yes
ac_cv_type_unsigned_short=yes
adhoc_cv_typedef_byte=no
adhoc_cv_typedef_u16=no
adhoc_cv_typedef_u32=no
adhoc_cv_typedef_ulong=yes
adhoc_cv_typedef_ushort=yes
am_cv_CC_dependencies_compiler_type=gcc

## ----------- ##
## confdefs.h. ##
## ----------- ##

#define PACKAGE_NAME "adhoc"
#define PACKAGE_TARNAME "adhoc"
#define PACKAGE_VERSION "0.1 "
#define PACKAGE_STRING "adhoc 0.1 "
#define PACKAGE_BUGREPORT "BUG-REPORT-ADDRESS"
#define PACKAGE "adhoc"
#define VERSION "0.1"
#define STDC_HEADERS 1
#define HAVE_SYS_WAIT_H 1
#define HAVE_SYS_TYPES_H 1
#define HAVE_SYS_STAT_H 1
#define HAVE_STDLIB_H 1
#define HAVE_STRING_H 1
#define HAVE_MEMORY_H 1
#define HAVE_STRINGS_H 1
#define HAVE_INTTYPES_H 1
#define HAVE_STDINT_H 1
#define HAVE_UNISTD_H 1
#define HAVE_ERRNO_H 1
#define HAVE_FCNTL_H 1
#define HAVE_STDLIB_H 1
#define HAVE_STRING_H 1
#define HAVE_SYS_IOCTL_H 1
#define HAVE_SYS_SOCKET_H 1
#define HAVE_SYS_TIME_H 1
#define HAVE_UNISTD_H 1
#define HAVE_LANGINFO_H 1
#define TIME_WITH_SYS_TIME 1
#define HAVE_USHORT_TYPEDEF 1
#define HAVE_ULONG_TYPEDEF 1
#define SIZEOF_UNSIGNED_SHORT 2
#define SIZEOF_UNSIGNED_INT 4
#define SIZEOF_UNSIGNED_LONG 4
#define SIZEOF_UNSIGNED_LONG_LONG 8
#define NAME_OF_DEV_RANDOM "/dev/random"
#define NAME_OF_DEV_URANDOM "/dev/urandom"
#define USE_RNDLINUX 1
#define HAVE_UNISTD_H 1
#define HAVE_FORK 1
#define HAVE_VFORK 1
#define HAVE_WORKING_VFORK 1
#define HAVE_WORKING_FORK 1
#define HAVE_STDLIB_H 1
#define HAVE_MALLOC 1
#define RETSIGTYPE void
#define HAVE_WAIT3 1
#define HAVE_DUP2 1
#define HAVE_GETTIMEOFDAY 1
#define HAVE_MEMMOVE 1
#define HAVE_MEMSET 1
#define HAVE_SELECT 1
#define HAVE_SOCKET 1
#define HAVE_STRERROR 1
#define HAVE_STPCPY 1
#define HAVE_STRSEP 1
#define HAVE_TCGETATTR 1
#define HAVE_STRTOUL 1
#define HAVE_MMAP 1
#define HAVE_STRCASECMP 1
#define HAVE_STRNCASECMP 1
#define HAVE_MEMMOVE 1
#define HAVE_GETTIMEOFDAY 1
#define HAVE_GETRUSAGE 1
#define HAVE_SETRLIMIT 1
#define HAVE_ATEXIT 1
#define HAVE_RAISE 1
#define HAVE_GETPAGESIZE 1
#define HAVE_STRFTIME 1
#define HAVE_NL_LANGINFO 1
#define HAVE_SETLOCALE 1
#define HAVE_WAITPID 1
#define HAVE_WAIT4 1
#define HAVE_SIGACTION 1
#define HAVE_SIGPROCMASK 1
#define HAVE_RAND 1
#define HAVE_PIPE 1
#define HAVE_STAT 1
#define USE_TIGER 1
#define PRINTABLE_OS_NAME "Linux"
#define EXTSEP_S "."

configure: exit 0
